<?xml version="1.0" encoding="UTF-8"?>
<testsuite xmlns:xsi="http://www.w3.org/2001/XMLSchema-instance" xsi:noNamespaceSchemaLocation="https://maven.apache.org/surefire/maven-surefire-plugin/xsd/surefire-test-report.xsd" name="com.vasslatam.sakila.services.ArquillianTest" time="45.296" tests="4" errors="0" skipped="0" failures="0">
  <properties>
    <property name="sun.desktop" value="windows"/>
    <property name="awt.toolkit" value="sun.awt.windows.WToolkit"/>
    <property name="java.specification.version" value="1.8"/>
    <property name="file.encoding.pkg" value="sun.io"/>
    <property name="arquillian.launch" value="glassfish-embedded"/>
    <property name="sun.cpu.isalist" value="amd64"/>
    <property name="sun.jnu.encoding" value="Cp1252"/>
    <property name="java.class.path" value="C:\Users\USERVASSPERU\Documents\NetBeansProjects\sakila-services\target\test-classes;C:\Users\USERVASSPERU\Documents\NetBeansProjects\sakila-services\target\classes;C:\Users\USERVASSPERU\.m2\repository\jakarta\platform\jakarta.jakartaee-api\8.0.0\jakarta.jakartaee-api-8.0.0.jar;C:\Users\USERVASSPERU\.m2\repository\javax\enterprise\cdi-api\2.0\cdi-api-2.0.jar;C:\Users\USERVASSPERU\.m2\repository\javax\el\javax.el-api\3.0.0\javax.el-api-3.0.0.jar;C:\Users\USERVASSPERU\.m2\repository\javax\interceptor\javax.interceptor-api\1.2\javax.interceptor-api-1.2.jar;C:\Users\USERVASSPERU\.m2\repository\javax\inject\javax.inject\1\javax.inject-1.jar;C:\Users\USERVASSPERU\.m2\repository\javax\ws\rs\javax.ws.rs-api\2.1\javax.ws.rs-api-2.1.jar;C:\Users\USERVASSPERU\.m2\repository\javax\json\bind\javax.json.bind-api\1.0\javax.json.bind-api-1.0.jar;C:\Users\USERVASSPERU\.m2\repository\javax\json\javax.json-api\1.1\javax.json-api-1.1.jar;C:\Users\USERVASSPERU\.m2\repository\javax\annotation\javax.annotation-api\1.3\javax.annotation-api-1.3.jar;C:\Users\USERVASSPERU\.m2\repository\org\eclipse\microprofile\config\microprofile-config-api\1.3\microprofile-config-api-1.3.jar;C:\Users\USERVASSPERU\.m2\repository\org\osgi\org.osgi.annotation.versioning\1.0.0\org.osgi.annotation.versioning-1.0.0.jar;C:\Users\USERVASSPERU\.m2\repository\org\eclipse\microprofile\fault-tolerance\microprofile-fault-tolerance-api\2.0\microprofile-fault-tolerance-api-2.0.jar;C:\Users\USERVASSPERU\.m2\repository\org\eclipse\microprofile\health\microprofile-health-api\2.1\microprofile-health-api-2.1.jar;C:\Users\USERVASSPERU\.m2\repository\org\eclipse\microprofile\metrics\microprofile-metrics-api\2.2\microprofile-metrics-api-2.2.jar;C:\Users\USERVASSPERU\.m2\repository\org\eclipse\microprofile\jwt\microprofile-jwt-auth-api\1.1\microprofile-jwt-auth-api-1.1.jar;C:\Users\USERVASSPERU\.m2\repository\org\eclipse\microprofile\openapi\microprofile-openapi-api\1.1\microprofile-openapi-api-1.1.jar;C:\Users\USERVASSPERU\.m2\repository\org\eclipse\microprofile\rest\client\microprofile-rest-client-api\1.3\microprofile-rest-client-api-1.3.jar;C:\Users\USERVASSPERU\.m2\repository\org\eclipse\microprofile\opentracing\microprofile-opentracing-api\1.3\microprofile-opentracing-api-1.3.jar;C:\Users\USERVASSPERU\.m2\repository\org\eclipse\persistence\org.eclipse.persistence.jpa.modelgen.processor\2.7.6\org.eclipse.persistence.jpa.modelgen.processor-2.7.6.jar;C:\Users\USERVASSPERU\.m2\repository\org\eclipse\persistence\org.eclipse.persistence.core\2.7.6\org.eclipse.persistence.core-2.7.6.jar;C:\Users\USERVASSPERU\.m2\repository\org\eclipse\persistence\org.eclipse.persistence.asm\2.7.6\org.eclipse.persistence.asm-2.7.6.jar;C:\Users\USERVASSPERU\.m2\repository\org\eclipse\persistence\org.eclipse.persistence.jpa\2.7.6\org.eclipse.persistence.jpa-2.7.6.jar;C:\Users\USERVASSPERU\.m2\repository\org\eclipse\persistence\jakarta.persistence\2.2.3\jakarta.persistence-2.2.3.jar;C:\Users\USERVASSPERU\.m2\repository\org\eclipse\persistence\org.eclipse.persistence.antlr\2.7.6\org.eclipse.persistence.antlr-2.7.6.jar;C:\Users\USERVASSPERU\.m2\repository\org\eclipse\persistence\org.eclipse.persistence.jpa.jpql\2.7.6\org.eclipse.persistence.jpa.jpql-2.7.6.jar;C:\Users\USERVASSPERU\.m2\repository\mysql\mysql-connector-java\8.0.19\mysql-connector-java-8.0.19.jar;C:\Users\USERVASSPERU\.m2\repository\com\google\protobuf\protobuf-java\3.6.1\protobuf-java-3.6.1.jar;C:\Users\USERVASSPERU\.m2\repository\junit\junit\4.13\junit-4.13.jar;C:\Users\USERVASSPERU\.m2\repository\org\hamcrest\hamcrest-core\1.3\hamcrest-core-1.3.jar;C:\Users\USERVASSPERU\.m2\repository\fish\payara\extras\payara-embedded-all\5.194\payara-embedded-all-5.194.jar;C:\Users\USERVASSPERU\.m2\repository\fish\payara\api\payara-api\5.194\payara-api-5.194.jar;C:\Users\USERVASSPERU\.m2\repository\org\jboss\arquillian\container\arquillian-glassfish-embedded-3.1\1.0.2\arquillian-glassfish-embedded-3.1-1.0.2.jar;C:\Users\USERVASSPERU\.m2\repository\org\jboss\arquillian\container\arquillian-container-spi\1.6.0.Final\arquillian-container-spi-1.6.0.Final.jar;C:\Users\USERVASSPERU\.m2\repository\org\jboss\arquillian\config\arquillian-config-impl-base\1.6.0.Final\arquillian-config-impl-base-1.6.0.Final.jar;C:\Users\USERVASSPERU\.m2\repository\org\jboss\arquillian\config\arquillian-config-spi\1.6.0.Final\arquillian-config-spi-1.6.0.Final.jar;C:\Users\USERVASSPERU\.m2\repository\org\jboss\shrinkwrap\shrinkwrap-api\1.2.6\shrinkwrap-api-1.2.6.jar;C:\Users\USERVASSPERU\.m2\repository\org\jboss\arquillian\container\arquillian-container-test-spi\1.6.0.Final\arquillian-container-test-spi-1.6.0.Final.jar;C:\Users\USERVASSPERU\.m2\repository\org\jboss\arquillian\protocol\arquillian-protocol-servlet\1.6.0.Final\arquillian-protocol-servlet-1.6.0.Final.jar;C:\Users\USERVASSPERU\.m2\repository\org\jboss\shrinkwrap\descriptors\shrinkwrap-descriptors-spi\2.0.0\shrinkwrap-descriptors-spi-2.0.0.jar;C:\Users\USERVASSPERU\.m2\repository\org\jboss\arquillian\testenricher\arquillian-testenricher-cdi\1.6.0.Final\arquillian-testenricher-cdi-1.6.0.Final.jar;C:\Users\USERVASSPERU\.m2\repository\org\jboss\arquillian\testenricher\arquillian-testenricher-ejb\1.6.0.Final\arquillian-testenricher-ejb-1.6.0.Final.jar;C:\Users\USERVASSPERU\.m2\repository\org\jboss\arquillian\testenricher\arquillian-testenricher-resource\1.6.0.Final\arquillian-testenricher-resource-1.6.0.Final.jar;C:\Users\USERVASSPERU\.m2\repository\org\jboss\arquillian\testenricher\arquillian-testenricher-initialcontext\1.6.0.Final\arquillian-testenricher-initialcontext-1.6.0.Final.jar;C:\Users\USERVASSPERU\.m2\repository\org\jboss\arquillian\junit\arquillian-junit-container\1.6.0.Final\arquillian-junit-container-1.6.0.Final.jar;C:\Users\USERVASSPERU\.m2\repository\org\jboss\arquillian\junit\arquillian-junit-core\1.6.0.Final\arquillian-junit-core-1.6.0.Final.jar;C:\Users\USERVASSPERU\.m2\repository\org\jboss\arquillian\test\arquillian-test-api\1.6.0.Final\arquillian-test-api-1.6.0.Final.jar;C:\Users\USERVASSPERU\.m2\repository\org\jboss\arquillian\core\arquillian-core-api\1.6.0.Final\arquillian-core-api-1.6.0.Final.jar;C:\Users\USERVASSPERU\.m2\repository\org\jboss\arquillian\test\arquillian-test-spi\1.6.0.Final\arquillian-test-spi-1.6.0.Final.jar;C:\Users\USERVASSPERU\.m2\repository\org\jboss\arquillian\container\arquillian-container-test-api\1.6.0.Final\arquillian-container-test-api-1.6.0.Final.jar;C:\Users\USERVASSPERU\.m2\repository\org\jboss\arquillian\core\arquillian-core-impl-base\1.6.0.Final\arquillian-core-impl-base-1.6.0.Final.jar;C:\Users\USERVASSPERU\.m2\repository\org\jboss\arquillian\test\arquillian-test-impl-base\1.6.0.Final\arquillian-test-impl-base-1.6.0.Final.jar;C:\Users\USERVASSPERU\.m2\repository\org\jboss\arquillian\container\arquillian-container-impl-base\1.6.0.Final\arquillian-container-impl-base-1.6.0.Final.jar;C:\Users\USERVASSPERU\.m2\repository\org\jboss\arquillian\container\arquillian-container-test-impl-base\1.6.0.Final\arquillian-container-test-impl-base-1.6.0.Final.jar;C:\Users\USERVASSPERU\.m2\repository\org\jboss\shrinkwrap\shrinkwrap-impl-base\1.2.6\shrinkwrap-impl-base-1.2.6.jar;C:\Users\USERVASSPERU\.m2\repository\org\jboss\shrinkwrap\shrinkwrap-spi\1.2.6\shrinkwrap-spi-1.2.6.jar;C:\Users\USERVASSPERU\.m2\repository\org\jboss\arquillian\extension\arquillian-persistence-dbunit\1.0.0.Alpha7\arquillian-persistence-dbunit-1.0.0.Alpha7.jar;C:\Users\USERVASSPERU\.m2\repository\org\jboss\arquillian\extension\arquillian-persistence-api\1.0.0.Alpha7\arquillian-persistence-api-1.0.0.Alpha7.jar;C:\Users\USERVASSPERU\.m2\repository\org\jboss\arquillian\extension\arquillian-persistence-spi\1.0.0.Alpha7\arquillian-persistence-spi-1.0.0.Alpha7.jar;C:\Users\USERVASSPERU\.m2\repository\org\jboss\arquillian\extension\arquillian-persistence-core\1.0.0.Alpha7\arquillian-persistence-core-1.0.0.Alpha7.jar;C:\Users\USERVASSPERU\.m2\repository\org\jboss\arquillian\extension\arquillian-transaction-jta\1.0.1.Final\arquillian-transaction-jta-1.0.1.Final.jar;C:\Users\USERVASSPERU\.m2\repository\org\jboss\arquillian\extension\arquillian-transaction-impl-base\1.0.1.Final\arquillian-transaction-impl-base-1.0.1.Final.jar;C:\Users\USERVASSPERU\.m2\repository\org\jboss\arquillian\extension\arquillian-transaction-spi\1.0.1.Final\arquillian-transaction-spi-1.0.1.Final.jar;C:\Users\USERVASSPERU\.m2\repository\org\jboss\arquillian\extension\arquillian-transaction-api\1.0.1.Final\arquillian-transaction-api-1.0.1.Final.jar;C:\Users\USERVASSPERU\.m2\repository\org\dbunit\dbunit\2.5.0\dbunit-2.5.0.jar;C:\Users\USERVASSPERU\.m2\repository\commons-collections\commons-collections\3.2.1\commons-collections-3.2.1.jar;C:\Users\USERVASSPERU\.m2\repository\org\slf4j\slf4j-api\1.7.29\slf4j-api-1.7.29.jar;C:\Users\USERVASSPERU\.m2\repository\org\yaml\snakeyaml\1.10\snakeyaml-1.10.jar;C:\Users\USERVASSPERU\.m2\repository\org\codehaus\jackson\jackson-mapper-asl\1.9.2\jackson-mapper-asl-1.9.2.jar;C:\Users\USERVASSPERU\.m2\repository\org\codehaus\jackson\jackson-core-asl\1.9.2\jackson-core-asl-1.9.2.jar;C:\Users\USERVASSPERU\.m2\repository\org\apache\poi\poi\3.2-FINAL\poi-3.2-FINAL.jar;C:\Users\USERVASSPERU\.m2\repository\commons-logging\commons-logging\1.1\commons-logging-1.1.jar;C:\Users\USERVASSPERU\.m2\repository\org\jboss\arquillian\core\arquillian-core-spi\1.6.0.Final\arquillian-core-spi-1.6.0.Final.jar;C:\Users\USERVASSPERU\.m2\repository\org\jboss\arquillian\config\arquillian-config-api\1.6.0.Final\arquillian-config-api-1.6.0.Final.jar;C:\Users\USERVASSPERU\.m2\repository\org\jboss\shrinkwrap\descriptors\shrinkwrap-descriptors-api-base\2.0.0\shrinkwrap-descriptors-api-base-2.0.0.jar;C:\Users\USERVASSPERU\.m2\repository\org\slf4j\slf4j-log4j12\1.7.30\slf4j-log4j12-1.7.30.jar;C:\Users\USERVASSPERU\.m2\repository\log4j\log4j\1.2.17\log4j-1.2.17.jar;C:\Users\USERVASSPERU\.m2\repository\com\h2database\h2\1.4.200\h2-1.4.200.jar;"/>
    <property name="java.vm.vendor" value=""/>
    <property name="sun.arch.data.model" value="64"/>
    <property name="user.variant" value=""/>
    <property name="java.vendor.url" value="http://java.oracle.com/"/>
    <property name="user.timezone" value=""/>
    <property name="java.vm.specification.version" value="1.8"/>
    <property name="os.name" value="Windows 10"/>
    <property name="user.country" value="PE"/>
    <property name="sun.java.launcher" value="SUN_STANDARD"/>
    <property name="sun.boot.library.path" value="C:\opt\java\jdk8u242-b08\jre\bin"/>
    <property name="sun.java.command" value="C:\Users\USERVA~1\AppData\Local\Temp\surefire8535351804417570920\surefirebooter1018303156168454180.jar C:\Users\USERVASSPERU\AppData\Local\Temp\surefire8535351804417570920 2020-05-04T11-43-40_257-jvmRun1 surefire8659545550318245624tmp surefire_02960337379982596220tmp"/>
    <property name="surefire.test.class.path" value="C:\Users\USERVASSPERU\Documents\NetBeansProjects\sakila-services\target\test-classes;C:\Users\USERVASSPERU\Documents\NetBeansProjects\sakila-services\target\classes;C:\Users\USERVASSPERU\.m2\repository\jakarta\platform\jakarta.jakartaee-api\8.0.0\jakarta.jakartaee-api-8.0.0.jar;C:\Users\USERVASSPERU\.m2\repository\javax\enterprise\cdi-api\2.0\cdi-api-2.0.jar;C:\Users\USERVASSPERU\.m2\repository\javax\el\javax.el-api\3.0.0\javax.el-api-3.0.0.jar;C:\Users\USERVASSPERU\.m2\repository\javax\interceptor\javax.interceptor-api\1.2\javax.interceptor-api-1.2.jar;C:\Users\USERVASSPERU\.m2\repository\javax\inject\javax.inject\1\javax.inject-1.jar;C:\Users\USERVASSPERU\.m2\repository\javax\ws\rs\javax.ws.rs-api\2.1\javax.ws.rs-api-2.1.jar;C:\Users\USERVASSPERU\.m2\repository\javax\json\bind\javax.json.bind-api\1.0\javax.json.bind-api-1.0.jar;C:\Users\USERVASSPERU\.m2\repository\javax\json\javax.json-api\1.1\javax.json-api-1.1.jar;C:\Users\USERVASSPERU\.m2\repository\javax\annotation\javax.annotation-api\1.3\javax.annotation-api-1.3.jar;C:\Users\USERVASSPERU\.m2\repository\org\eclipse\microprofile\config\microprofile-config-api\1.3\microprofile-config-api-1.3.jar;C:\Users\USERVASSPERU\.m2\repository\org\osgi\org.osgi.annotation.versioning\1.0.0\org.osgi.annotation.versioning-1.0.0.jar;C:\Users\USERVASSPERU\.m2\repository\org\eclipse\microprofile\fault-tolerance\microprofile-fault-tolerance-api\2.0\microprofile-fault-tolerance-api-2.0.jar;C:\Users\USERVASSPERU\.m2\repository\org\eclipse\microprofile\health\microprofile-health-api\2.1\microprofile-health-api-2.1.jar;C:\Users\USERVASSPERU\.m2\repository\org\eclipse\microprofile\metrics\microprofile-metrics-api\2.2\microprofile-metrics-api-2.2.jar;C:\Users\USERVASSPERU\.m2\repository\org\eclipse\microprofile\jwt\microprofile-jwt-auth-api\1.1\microprofile-jwt-auth-api-1.1.jar;C:\Users\USERVASSPERU\.m2\repository\org\eclipse\microprofile\openapi\microprofile-openapi-api\1.1\microprofile-openapi-api-1.1.jar;C:\Users\USERVASSPERU\.m2\repository\org\eclipse\microprofile\rest\client\microprofile-rest-client-api\1.3\microprofile-rest-client-api-1.3.jar;C:\Users\USERVASSPERU\.m2\repository\org\eclipse\microprofile\opentracing\microprofile-opentracing-api\1.3\microprofile-opentracing-api-1.3.jar;C:\Users\USERVASSPERU\.m2\repository\org\eclipse\persistence\org.eclipse.persistence.jpa.modelgen.processor\2.7.6\org.eclipse.persistence.jpa.modelgen.processor-2.7.6.jar;C:\Users\USERVASSPERU\.m2\repository\org\eclipse\persistence\org.eclipse.persistence.core\2.7.6\org.eclipse.persistence.core-2.7.6.jar;C:\Users\USERVASSPERU\.m2\repository\org\eclipse\persistence\org.eclipse.persistence.asm\2.7.6\org.eclipse.persistence.asm-2.7.6.jar;C:\Users\USERVASSPERU\.m2\repository\org\eclipse\persistence\org.eclipse.persistence.jpa\2.7.6\org.eclipse.persistence.jpa-2.7.6.jar;C:\Users\USERVASSPERU\.m2\repository\org\eclipse\persistence\jakarta.persistence\2.2.3\jakarta.persistence-2.2.3.jar;C:\Users\USERVASSPERU\.m2\repository\org\eclipse\persistence\org.eclipse.persistence.antlr\2.7.6\org.eclipse.persistence.antlr-2.7.6.jar;C:\Users\USERVASSPERU\.m2\repository\org\eclipse\persistence\org.eclipse.persistence.jpa.jpql\2.7.6\org.eclipse.persistence.jpa.jpql-2.7.6.jar;C:\Users\USERVASSPERU\.m2\repository\mysql\mysql-connector-java\8.0.19\mysql-connector-java-8.0.19.jar;C:\Users\USERVASSPERU\.m2\repository\com\google\protobuf\protobuf-java\3.6.1\protobuf-java-3.6.1.jar;C:\Users\USERVASSPERU\.m2\repository\junit\junit\4.13\junit-4.13.jar;C:\Users\USERVASSPERU\.m2\repository\org\hamcrest\hamcrest-core\1.3\hamcrest-core-1.3.jar;C:\Users\USERVASSPERU\.m2\repository\fish\payara\extras\payara-embedded-all\5.194\payara-embedded-all-5.194.jar;C:\Users\USERVASSPERU\.m2\repository\fish\payara\api\payara-api\5.194\payara-api-5.194.jar;C:\Users\USERVASSPERU\.m2\repository\org\jboss\arquillian\container\arquillian-glassfish-embedded-3.1\1.0.2\arquillian-glassfish-embedded-3.1-1.0.2.jar;C:\Users\USERVASSPERU\.m2\repository\org\jboss\arquillian\container\arquillian-container-spi\1.6.0.Final\arquillian-container-spi-1.6.0.Final.jar;C:\Users\USERVASSPERU\.m2\repository\org\jboss\arquillian\config\arquillian-config-impl-base\1.6.0.Final\arquillian-config-impl-base-1.6.0.Final.jar;C:\Users\USERVASSPERU\.m2\repository\org\jboss\arquillian\config\arquillian-config-spi\1.6.0.Final\arquillian-config-spi-1.6.0.Final.jar;C:\Users\USERVASSPERU\.m2\repository\org\jboss\shrinkwrap\shrinkwrap-api\1.2.6\shrinkwrap-api-1.2.6.jar;C:\Users\USERVASSPERU\.m2\repository\org\jboss\arquillian\container\arquillian-container-test-spi\1.6.0.Final\arquillian-container-test-spi-1.6.0.Final.jar;C:\Users\USERVASSPERU\.m2\repository\org\jboss\arquillian\protocol\arquillian-protocol-servlet\1.6.0.Final\arquillian-protocol-servlet-1.6.0.Final.jar;C:\Users\USERVASSPERU\.m2\repository\org\jboss\shrinkwrap\descriptors\shrinkwrap-descriptors-spi\2.0.0\shrinkwrap-descriptors-spi-2.0.0.jar;C:\Users\USERVASSPERU\.m2\repository\org\jboss\arquillian\testenricher\arquillian-testenricher-cdi\1.6.0.Final\arquillian-testenricher-cdi-1.6.0.Final.jar;C:\Users\USERVASSPERU\.m2\repository\org\jboss\arquillian\testenricher\arquillian-testenricher-ejb\1.6.0.Final\arquillian-testenricher-ejb-1.6.0.Final.jar;C:\Users\USERVASSPERU\.m2\repository\org\jboss\arquillian\testenricher\arquillian-testenricher-resource\1.6.0.Final\arquillian-testenricher-resource-1.6.0.Final.jar;C:\Users\USERVASSPERU\.m2\repository\org\jboss\arquillian\testenricher\arquillian-testenricher-initialcontext\1.6.0.Final\arquillian-testenricher-initialcontext-1.6.0.Final.jar;C:\Users\USERVASSPERU\.m2\repository\org\jboss\arquillian\junit\arquillian-junit-container\1.6.0.Final\arquillian-junit-container-1.6.0.Final.jar;C:\Users\USERVASSPERU\.m2\repository\org\jboss\arquillian\junit\arquillian-junit-core\1.6.0.Final\arquillian-junit-core-1.6.0.Final.jar;C:\Users\USERVASSPERU\.m2\repository\org\jboss\arquillian\test\arquillian-test-api\1.6.0.Final\arquillian-test-api-1.6.0.Final.jar;C:\Users\USERVASSPERU\.m2\repository\org\jboss\arquillian\core\arquillian-core-api\1.6.0.Final\arquillian-core-api-1.6.0.Final.jar;C:\Users\USERVASSPERU\.m2\repository\org\jboss\arquillian\test\arquillian-test-spi\1.6.0.Final\arquillian-test-spi-1.6.0.Final.jar;C:\Users\USERVASSPERU\.m2\repository\org\jboss\arquillian\container\arquillian-container-test-api\1.6.0.Final\arquillian-container-test-api-1.6.0.Final.jar;C:\Users\USERVASSPERU\.m2\repository\org\jboss\arquillian\core\arquillian-core-impl-base\1.6.0.Final\arquillian-core-impl-base-1.6.0.Final.jar;C:\Users\USERVASSPERU\.m2\repository\org\jboss\arquillian\test\arquillian-test-impl-base\1.6.0.Final\arquillian-test-impl-base-1.6.0.Final.jar;C:\Users\USERVASSPERU\.m2\repository\org\jboss\arquillian\container\arquillian-container-impl-base\1.6.0.Final\arquillian-container-impl-base-1.6.0.Final.jar;C:\Users\USERVASSPERU\.m2\repository\org\jboss\arquillian\container\arquillian-container-test-impl-base\1.6.0.Final\arquillian-container-test-impl-base-1.6.0.Final.jar;C:\Users\USERVASSPERU\.m2\repository\org\jboss\shrinkwrap\shrinkwrap-impl-base\1.2.6\shrinkwrap-impl-base-1.2.6.jar;C:\Users\USERVASSPERU\.m2\repository\org\jboss\shrinkwrap\shrinkwrap-spi\1.2.6\shrinkwrap-spi-1.2.6.jar;C:\Users\USERVASSPERU\.m2\repository\org\jboss\arquillian\extension\arquillian-persistence-dbunit\1.0.0.Alpha7\arquillian-persistence-dbunit-1.0.0.Alpha7.jar;C:\Users\USERVASSPERU\.m2\repository\org\jboss\arquillian\extension\arquillian-persistence-api\1.0.0.Alpha7\arquillian-persistence-api-1.0.0.Alpha7.jar;C:\Users\USERVASSPERU\.m2\repository\org\jboss\arquillian\extension\arquillian-persistence-spi\1.0.0.Alpha7\arquillian-persistence-spi-1.0.0.Alpha7.jar;C:\Users\USERVASSPERU\.m2\repository\org\jboss\arquillian\extension\arquillian-persistence-core\1.0.0.Alpha7\arquillian-persistence-core-1.0.0.Alpha7.jar;C:\Users\USERVASSPERU\.m2\repository\org\jboss\arquillian\extension\arquillian-transaction-jta\1.0.1.Final\arquillian-transaction-jta-1.0.1.Final.jar;C:\Users\USERVASSPERU\.m2\repository\org\jboss\arquillian\extension\arquillian-transaction-impl-base\1.0.1.Final\arquillian-transaction-impl-base-1.0.1.Final.jar;C:\Users\USERVASSPERU\.m2\repository\org\jboss\arquillian\extension\arquillian-transaction-spi\1.0.1.Final\arquillian-transaction-spi-1.0.1.Final.jar;C:\Users\USERVASSPERU\.m2\repository\org\jboss\arquillian\extension\arquillian-transaction-api\1.0.1.Final\arquillian-transaction-api-1.0.1.Final.jar;C:\Users\USERVASSPERU\.m2\repository\org\dbunit\dbunit\2.5.0\dbunit-2.5.0.jar;C:\Users\USERVASSPERU\.m2\repository\commons-collections\commons-collections\3.2.1\commons-collections-3.2.1.jar;C:\Users\USERVASSPERU\.m2\repository\org\slf4j\slf4j-api\1.7.29\slf4j-api-1.7.29.jar;C:\Users\USERVASSPERU\.m2\repository\org\yaml\snakeyaml\1.10\snakeyaml-1.10.jar;C:\Users\USERVASSPERU\.m2\repository\org\codehaus\jackson\jackson-mapper-asl\1.9.2\jackson-mapper-asl-1.9.2.jar;C:\Users\USERVASSPERU\.m2\repository\org\codehaus\jackson\jackson-core-asl\1.9.2\jackson-core-asl-1.9.2.jar;C:\Users\USERVASSPERU\.m2\repository\org\apache\poi\poi\3.2-FINAL\poi-3.2-FINAL.jar;C:\Users\USERVASSPERU\.m2\repository\commons-logging\commons-logging\1.1\commons-logging-1.1.jar;C:\Users\USERVASSPERU\.m2\repository\org\jboss\arquillian\core\arquillian-core-spi\1.6.0.Final\arquillian-core-spi-1.6.0.Final.jar;C:\Users\USERVASSPERU\.m2\repository\org\jboss\arquillian\config\arquillian-config-api\1.6.0.Final\arquillian-config-api-1.6.0.Final.jar;C:\Users\USERVASSPERU\.m2\repository\org\jboss\shrinkwrap\descriptors\shrinkwrap-descriptors-api-base\2.0.0\shrinkwrap-descriptors-api-base-2.0.0.jar;C:\Users\USERVASSPERU\.m2\repository\org\slf4j\slf4j-log4j12\1.7.30\slf4j-log4j12-1.7.30.jar;C:\Users\USERVASSPERU\.m2\repository\log4j\log4j\1.2.17\log4j-1.2.17.jar;C:\Users\USERVASSPERU\.m2\repository\com\h2database\h2\1.4.200\h2-1.4.200.jar;"/>
    <property name="sun.cpu.endian" value="little"/>
    <property name="user.home" value="C:\Users\USERVASSPERU"/>
    <property name="user.language" value="es"/>
    <property name="java.specification.vendor" value="Oracle Corporation"/>
    <property name="java.home" value="C:\opt\java\jdk8u242-b08\jre"/>
    <property name="basedir" value="C:\Users\USERVASSPERU\Documents\NetBeansProjects\sakila-services"/>
    <property name="file.separator" value="\"/>
    <property name="line.separator" value="&#10;"/>
    <property name="java.vm.specification.vendor" value="Oracle Corporation"/>
    <property name="java.specification.name" value="Java Platform API Specification"/>
    <property name="java.awt.graphicsenv" value="sun.awt.Win32GraphicsEnvironment"/>
    <property name="surefire.real.class.path" value="C:\Users\USERVA~1\AppData\Local\Temp\surefire8535351804417570920\surefirebooter1018303156168454180.jar"/>
    <property name="sun.boot.class.path" value="C:\opt\java\jdk8u242-b08\jre\lib\resources.jar;C:\opt\java\jdk8u242-b08\jre\lib\rt.jar;C:\opt\java\jdk8u242-b08\jre\lib\sunrsasign.jar;C:\opt\java\jdk8u242-b08\jre\lib\jsse.jar;C:\opt\java\jdk8u242-b08\jre\lib\jce.jar;C:\opt\java\jdk8u242-b08\jre\lib\charsets.jar;C:\opt\java\jdk8u242-b08\jre\lib\jfr.jar;C:\opt\java\jdk8u242-b08\jre\classes"/>
    <property name="user.script" value=""/>
    <property name="java.util.logging.config.file" value="C:\Users\USERVASSPERU\Documents\NetBeansProjects\sakila-services\target\test-classes/logging.properties"/>
    <property name="sun.management.compiler" value="HotSpot 64-Bit Tiered Compilers"/>
    <property name="java.runtime.version" value="1.8.0_242-b08"/>
    <property name="user.name" value="USERVASSPERU"/>
    <property name="path.separator" value=";"/>
    <property name="os.version" value="10.0"/>
    <property name="java.endorsed.dirs" value="C:\opt\java\jdk8u242-b08\jre\lib\endorsed"/>
    <property name="java.runtime.name" value="OpenJDK Runtime Environment"/>
    <property name="file.encoding" value="UTF-8"/>
    <property name="java.vm.name" value="OpenJDK 64-Bit Server VM"/>
    <property name="localRepository" value="C:\Users\USERVASSPERU\.m2\repository"/>
    <property name="java.vendor.url.bug" value="http://bugreport.sun.com/bugreport/"/>
    <property name="java.io.tmpdir" value="C:\Users\USERVA~1\AppData\Local\Temp\"/>
    <property name="java.version" value="1.8.0_242"/>
    <property name="user.dir" value="C:\Users\USERVASSPERU\Documents\NetBeansProjects\sakila-services"/>
    <property name="os.arch" value="amd64"/>
    <property name="java.vm.specification.name" value="Java Virtual Machine Specification"/>
    <property name="java.awt.printerjob" value="sun.awt.windows.WPrinterJob"/>
    <property name="sun.os.patch.level" value=""/>
    <property name="java.library.path" value="C:\opt\java\jdk8u242-b08\jre\bin;C:\Windows\Sun\Java\bin;C:\Windows\system32;C:\Windows;C:\Users\USERVASSPERU\bin;C:\Program Files\Git\mingw64\bin;C:\Program Files\Git\usr\local\bin;C:\Program Files\Git\usr\bin;C:\Program Files\Git\usr\bin;C:\Program Files\Git\mingw64\bin;C:\Program Files\Git\usr\bin;C:\Users\USERVASSPERU\bin;C:\Windows\system32;C:\Windows;C:\Windows\System32\Wbem;C:\Windows\System32\WindowsPowerShell\v1.0;C:\Windows\System32\OpenSSH;C:\Program Files\Intel\WiFi\bin;C:\Program Files\Common Files\Intel\WirelessCommon;C:\opt\java\jdk8u242-b08\bin;C:\Program Files\Git\cmd;C:\Program Files\nodejs;C:\opt\apache-maven-3.6.3\bin;C:\Program Files\dotnet;C:\Program Files\Microsoft SQL Server\130\Tools\Binn;C:\Program Files\Microsoft SQL Server\Client SDK\ODBC\170\Tools\Binn;C:\OpenSSL-Win64\bin;C:\Program Files\MySQL\MySQL Shell 8.0\bin;C:\Users\USERVASSPERU\AppData\Local\Microsoft\WindowsApps;C:\Users\USERVASSPERU\AppData\Local\Programs\Microsoft VS Code\bin;C:\Users\USERVASSPERU\AppData\Roaming\npm;C:\Users\USERVASSPERU\.dotnet\tools;C:\Program Files\Git\usr\bin\vendor_perl;C:\Program Files\Git\usr\bin\core_perl;."/>
    <property name="java.vm.info" value="mixed mode"/>
    <property name="java.vendor" value="AdoptOpenJDK"/>
    <property name="java.vm.version" value="25.242-b08"/>
    <property name="java.ext.dirs" value="C:\opt\java\jdk8u242-b08\jre\lib\ext;C:\Windows\Sun\Java\lib\ext"/>
    <property name="sun.io.unicode.encoding" value="UnicodeLittle"/>
    <property name="java.class.version" value="52.0"/>
  </properties>
  <testcase name="rentalfilm" classname="com.vasslatam.sakila.services.ArquillianTest" time="1.587"/>
  <testcase name="findByFilm" classname="com.vasslatam.sakila.services.ArquillianTest" time="0.238"/>
  <testcase name="findActor" classname="com.vasslatam.sakila.services.ArquillianTest" time="0.093"/>
  <testcase name="findCustomer" classname="com.vasslatam.sakila.services.ArquillianTest" time="0.12"/>
</testsuite>